<?xml version="1.0" encoding="UTF-8"?>
<!-- Generated by org.testng.reporters.JUnitXMLReporter -->
<testsuite hostname="DESKTOP-4SR5SO5" ignored="0" name="Default test" tests="3" failures="0" timestamp="26 Jan 2019 16:01:21 GMT" time="63.332" errors="0">
  <testcase name="verifyHomePageTitleTest" time="0.11" classname="com.crm.qa.testcases.HomePageTest"/>
  <testcase name="verifyUserNameTest" time="0.459" classname="com.crm.qa.testcases.HomePageTest"/>
  <testcase name="verifyContactsLinkTest" time="1.757" classname="com.crm.qa.testcases.HomePageTest"/>
</testsuite> <!-- Default test -->
