<?xml version="1.0" encoding="UTF-8"?>
<testng-results skipped="0" failed="0" ignored="0" total="3" passed="3">
  <reporter-output>
  </reporter-output>
  <suite name="FREE CRM Application Test Automation Test Suite" duration-ms="29307" started-at="2019-02-05T21:57:13Z" finished-at="2019-02-05T21:57:43Z">
    <groups>
    </groups>
    <test name="Free CRM App Test Cases" duration-ms="29307" started-at="2019-02-05T21:57:13Z" finished-at="2019-02-05T21:57:43Z">
      <class name="com.crm.qa.testcases.HomePageTest">
        <test-method status="PASS" signature="setUp()[pri:0, instance:com.crm.qa.testcases.HomePageTest@59f99ea]" name="setUp" is-config="true" duration-ms="11747" started-at="2019-02-05T16:57:13Z" finished-at="2019-02-05T16:57:25Z">
          <reporter-output>
          </reporter-output>
        </test-method> <!-- setUp -->
        <test-method status="PASS" signature="verifyHomePageTitleTest()[pri:1, instance:com.crm.qa.testcases.HomePageTest@59f99ea]" name="verifyHomePageTitleTest" duration-ms="17" started-at="2019-02-05T16:57:25Z" finished-at="2019-02-05T16:57:25Z">
          <reporter-output>
          </reporter-output>
        </test-method> <!-- verifyHomePageTitleTest -->
        <test-method status="PASS" signature="tearDown()[pri:0, instance:com.crm.qa.testcases.HomePageTest@59f99ea]" name="tearDown" is-config="true" duration-ms="682" started-at="2019-02-05T16:57:25Z" finished-at="2019-02-05T16:57:26Z">
          <reporter-output>
          </reporter-output>
        </test-method> <!-- tearDown -->
        <test-method status="PASS" signature="setUp()[pri:0, instance:com.crm.qa.testcases.HomePageTest@59f99ea]" name="setUp" is-config="true" duration-ms="7171" started-at="2019-02-05T16:57:26Z" finished-at="2019-02-05T16:57:33Z">
          <reporter-output>
          </reporter-output>
        </test-method> <!-- setUp -->
        <test-method status="PASS" signature="verifyUserNameTest()[pri:2, instance:com.crm.qa.testcases.HomePageTest@59f99ea]" name="verifyUserNameTest" duration-ms="91" started-at="2019-02-05T16:57:33Z" finished-at="2019-02-05T16:57:33Z">
          <reporter-output>
          </reporter-output>
        </test-method> <!-- verifyUserNameTest -->
        <test-method status="PASS" signature="tearDown()[pri:0, instance:com.crm.qa.testcases.HomePageTest@59f99ea]" name="tearDown" is-config="true" duration-ms="661" started-at="2019-02-05T16:57:33Z" finished-at="2019-02-05T16:57:34Z">
          <reporter-output>
          </reporter-output>
        </test-method> <!-- tearDown -->
        <test-method status="PASS" signature="setUp()[pri:0, instance:com.crm.qa.testcases.HomePageTest@59f99ea]" name="setUp" is-config="true" duration-ms="7404" started-at="2019-02-05T16:57:34Z" finished-at="2019-02-05T16:57:41Z">
          <reporter-output>
          </reporter-output>
        </test-method> <!-- setUp -->
        <test-method status="PASS" signature="verifyContactsLinkTest()[pri:3, instance:com.crm.qa.testcases.HomePageTest@59f99ea]" name="verifyContactsLinkTest" duration-ms="780" started-at="2019-02-05T16:57:41Z" finished-at="2019-02-05T16:57:42Z">
          <reporter-output>
          </reporter-output>
        </test-method> <!-- verifyContactsLinkTest -->
        <test-method status="PASS" signature="tearDown()[pri:0, instance:com.crm.qa.testcases.HomePageTest@59f99ea]" name="tearDown" is-config="true" duration-ms="714" started-at="2019-02-05T16:57:42Z" finished-at="2019-02-05T16:57:43Z">
          <reporter-output>
          </reporter-output>
        </test-method> <!-- tearDown -->
      </class> <!-- com.crm.qa.testcases.HomePageTest -->
    </test> <!-- Free CRM App Test Cases -->
  </suite> <!-- FREE CRM Application Test Automation Test Suite -->
</testng-results>
