<?xml version="1.0" encoding="UTF-8"?>
<testng-results skipped="0" failed="0" ignored="0" total="3" passed="3">
  <reporter-output>
  </reporter-output>
  <suite name="Default suite" duration-ms="63332" started-at="2019-01-26T16:00:18Z" finished-at="2019-01-26T16:01:21Z">
    <groups>
    </groups>
    <test name="Default test" duration-ms="63332" started-at="2019-01-26T16:00:18Z" finished-at="2019-01-26T16:01:21Z">
      <class name="com.crm.qa.testcases.HomePageTest">
        <test-method status="PASS" signature="setUp()[pri:0, instance:com.crm.qa.testcases.HomePageTest@29774679]" name="setUp" is-config="true" duration-ms="30688" started-at="2019-01-26T11:00:18Z" finished-at="2019-01-26T11:00:48Z">
          <reporter-output>
          </reporter-output>
        </test-method> <!-- setUp -->
        <test-method status="PASS" signature="verifyHomePageTitleTest()[pri:1, instance:com.crm.qa.testcases.HomePageTest@29774679]" name="verifyHomePageTitleTest" duration-ms="110" started-at="2019-01-26T11:00:48Z" finished-at="2019-01-26T11:00:48Z">
          <reporter-output>
          </reporter-output>
        </test-method> <!-- verifyHomePageTitleTest -->
        <test-method status="PASS" signature="tearDown()[pri:0, instance:com.crm.qa.testcases.HomePageTest@29774679]" name="tearDown" is-config="true" duration-ms="796" started-at="2019-01-26T11:00:48Z" finished-at="2019-01-26T11:00:49Z">
          <reporter-output>
          </reporter-output>
        </test-method> <!-- tearDown -->
        <test-method status="PASS" signature="setUp()[pri:0, instance:com.crm.qa.testcases.HomePageTest@29774679]" name="setUp" is-config="true" duration-ms="12140" started-at="2019-01-26T11:00:49Z" finished-at="2019-01-26T11:01:01Z">
          <reporter-output>
          </reporter-output>
        </test-method> <!-- setUp -->
        <test-method status="PASS" signature="verifyUserNameTest()[pri:2, instance:com.crm.qa.testcases.HomePageTest@29774679]" name="verifyUserNameTest" duration-ms="459" started-at="2019-01-26T11:01:01Z" finished-at="2019-01-26T11:01:02Z">
          <reporter-output>
          </reporter-output>
        </test-method> <!-- verifyUserNameTest -->
        <test-method status="PASS" signature="tearDown()[pri:0, instance:com.crm.qa.testcases.HomePageTest@29774679]" name="tearDown" is-config="true" duration-ms="715" started-at="2019-01-26T11:01:02Z" finished-at="2019-01-26T11:01:03Z">
          <reporter-output>
          </reporter-output>
        </test-method> <!-- tearDown -->
        <test-method status="PASS" signature="setUp()[pri:0, instance:com.crm.qa.testcases.HomePageTest@29774679]" name="setUp" is-config="true" duration-ms="15189" started-at="2019-01-26T11:01:03Z" finished-at="2019-01-26T11:01:18Z">
          <reporter-output>
          </reporter-output>
        </test-method> <!-- setUp -->
        <test-method status="PASS" signature="verifyContactsLinkTest()[pri:3, instance:com.crm.qa.testcases.HomePageTest@29774679]" name="verifyContactsLinkTest" duration-ms="1757" started-at="2019-01-26T11:01:18Z" finished-at="2019-01-26T11:01:20Z">
          <reporter-output>
          </reporter-output>
        </test-method> <!-- verifyContactsLinkTest -->
        <test-method status="PASS" signature="tearDown()[pri:0, instance:com.crm.qa.testcases.HomePageTest@29774679]" name="tearDown" is-config="true" duration-ms="1429" started-at="2019-01-26T11:01:20Z" finished-at="2019-01-26T11:01:21Z">
          <reporter-output>
          </reporter-output>
        </test-method> <!-- tearDown -->
      </class> <!-- com.crm.qa.testcases.HomePageTest -->
    </test> <!-- Default test -->
  </suite> <!-- Default suite -->
</testng-results>
